2026-03-28 15:11:48.774 [main] INFO  o.v.f.FileTransferServerApplicationKt - Starting FileTransferServerApplicationKt using Java 17.0.12 with PID 68640 (C:\Users\Vasu\IntelliJ IDEA\File-Transfer-Server\build\classes\kotlin\main started by Vasu in C:\Users\Vasu\IntelliJ IDEA\File-Transfer-Server)
2026-03-28 15:11:48.777 [main] DEBUG o.v.f.FileTransferServerApplicationKt - Running with Spring Boot v4.0.5, Spring v7.0.6
2026-03-28 15:11:48.779 [main] INFO  o.v.f.FileTransferServerApplicationKt - No active profile set, falling back to 1 default profile: "default"
2026-03-28 15:11:49.121 [background-preinit] INFO  o.h.validator.internal.util.Version - HV000001: Hibernate Validator 9.0.1.Final
2026-03-28 15:11:50.539 [main] INFO  o.s.d.r.c.RepositoryConfigurationDelegate - Bootstrapping Spring Data JPA repositories in DEFAULT mode.
2026-03-28 15:11:50.572 [main] INFO  o.s.d.r.c.RepositoryConfigurationDelegate - Finished Spring Data repository scanning in 19 ms. Found 0 JPA repository interfaces.
2026-03-28 15:11:51.407 [main] INFO  o.s.boot.tomcat.TomcatWebServer - Tomcat initialized with port 9090 (http)
2026-03-28 15:11:51.423 [main] INFO  o.a.coyote.http11.Http11NioProtocol - Initializing ProtocolHandler ["http-nio-0.0.0.0-9090"]
2026-03-28 15:11:51.424 [main] INFO  o.a.catalina.core.StandardService - Starting service [Tomcat]
2026-03-28 15:11:51.424 [main] INFO  o.a.catalina.core.StandardEngine - Starting Servlet engine: [Apache Tomcat/11.0.20]
2026-03-28 15:11:51.511 [main] INFO  o.s.b.w.c.s.WebApplicationContextInitializer - Root WebApplicationContext: initialization completed in 2675 ms
2026-03-28 15:11:51.697 [main] WARN  o.s.b.w.s.s.c.AnnotationConfigServletWebServerApplicationContext - Exception encountered during context initialization - cancelling refresh attempt: org.springframework.beans.factory.BeanCreationException: Error creating bean with name 'entityManagerFactory' defined in class path resource [org/springframework/boot/hibernate/autoconfigure/HibernateJpaConfiguration.class]: Failed to initialize dependency 'dataSourceScriptDatabaseInitializer' of LoadTimeWeaverAware bean 'entityManagerFactory': Error creating bean with name 'dataSourceScriptDatabaseInitializer' defined in class path resource [org/springframework/boot/jdbc/autoconfigure/DataSourceInitializationAutoConfiguration.class]: Unsatisfied dependency expressed through method 'dataSourceScriptDatabaseInitializer' parameter 0: Error creating bean with name 'dataSource' defined in class path resource [org/springframework/boot/jdbc/autoconfigure/DataSourceConfiguration$Hikari.class]: Failed to instantiate [com.zaxxer.hikari.HikariDataSource]: Factory method 'dataSource' threw exception with message: Failed to determine a suitable driver class
2026-03-28 15:11:51.701 [main] INFO  o.a.catalina.core.StandardService - Stopping service [Tomcat]
2026-03-28 15:11:51.712 [main] INFO  o.s.b.a.l.ConditionEvaluationReportLogger - 

Error starting ApplicationContext. To display the condition evaluation report re-run your application with 'debug' enabled.
2026-03-28 15:11:51.734 [main] ERROR o.s.b.d.LoggingFailureAnalysisReporter - 

***************************
APPLICATION FAILED TO START
***************************

Description:

Failed to configure a DataSource: 'url' attribute is not specified and no embedded datasource could be configured.

Reason: Failed to determine a suitable driver class


Action:

Consider the following:
	If you want an embedded database (H2, HSQL or Derby), please put it on the classpath.
	If you have database settings to be loaded from a particular profile you may need to activate it (no profiles are currently active).

2026-03-28 15:17:29.071 [main] INFO  o.v.f.FileTransferServerApplicationKt - Starting FileTransferServerApplicationKt using Java 17.0.12 with PID 22516 (C:\Users\Vasu\IntelliJ IDEA\File-Transfer-Server\build\classes\kotlin\main started by Vasu in C:\Users\Vasu\IntelliJ IDEA\File-Transfer-Server)
2026-03-28 15:17:29.076 [main] DEBUG o.v.f.FileTransferServerApplicationKt - Running with Spring Boot v4.0.5, Spring v7.0.6
2026-03-28 15:17:29.078 [main] INFO  o.v.f.FileTransferServerApplicationKt - No active profile set, falling back to 1 default profile: "default"
2026-03-28 15:17:29.833 [background-preinit] INFO  o.h.validator.internal.util.Version - HV000001: Hibernate Validator 9.0.1.Final
2026-03-28 15:17:30.485 [main] INFO  o.s.boot.tomcat.TomcatWebServer - Tomcat initialized with port 9090 (http)
2026-03-28 15:17:30.496 [main] INFO  o.a.coyote.http11.Http11NioProtocol - Initializing ProtocolHandler ["http-nio-0.0.0.0-9090"]
2026-03-28 15:17:30.498 [main] INFO  o.a.catalina.core.StandardService - Starting service [Tomcat]
2026-03-28 15:17:30.498 [main] INFO  o.a.catalina.core.StandardEngine - Starting Servlet engine: [Apache Tomcat/11.0.20]
2026-03-28 15:17:30.552 [main] INFO  o.s.b.w.c.s.WebApplicationContextInitializer - Root WebApplicationContext: initialization completed in 1403 ms
2026-03-28 15:17:30.718 [main] INFO  o.v.f.config.StorageConfig - Using storage path from environment variable: C:\Users\Vasu\Downloads\Telegram Desktop
2026-03-28 15:17:30.719 [main] INFO  o.v.f.config.StorageConfig - Storage directory already exists: C:\Users\Vasu\Downloads\Telegram Desktop
2026-03-28 15:17:30.724 [main] INFO  o.v.f.config.StorageConfig - File storage initialized with path: C:\Users\Vasu\Downloads\Telegram Desktop
2026-03-28 15:17:30.725 [main] INFO  o.v.f.config.StorageConfig - Max file size: 1024 MB
2026-03-28 15:17:30.725 [main] INFO  o.v.f.config.StorageConfig - Allowed extensions: [*]
2026-03-28 15:17:31.314 [main] WARN  o.s.b.w.s.s.c.AnnotationConfigServletWebServerApplicationContext - Exception encountered during context initialization - cancelling refresh attempt: org.springframework.beans.factory.BeanCreationException: Error creating bean with name 'handlerExceptionResolver' defined in class path resource [org/springframework/boot/webmvc/autoconfigure/WebMvcAutoConfiguration$EnableWebMvcConfiguration.class]: Failed to instantiate [org.springframework.web.servlet.HandlerExceptionResolver]: Factory method 'handlerExceptionResolver' threw exception with message: Ambiguous @ExceptionHandler method mapped for [ExceptionHandler{exceptionType=org.springframework.web.multipart.MaxUploadSizeExceededException, mediaType=*/*}]: {public org.springframework.http.ResponseEntity org.vng.filetransferserver.exception.GlobalExceptionHandler.handleFileSizeLimit(java.lang.Exception,org.springframework.web.context.request.WebRequest), public final org.springframework.http.ResponseEntity org.springframework.web.servlet.mvc.method.annotation.ResponseEntityExceptionHandler.handleException(java.lang.Exception,org.springframework.web.context.request.WebRequest) throws java.lang.Exception}
2026-03-28 15:17:31.319 [main] INFO  o.a.catalina.core.StandardService - Stopping service [Tomcat]
2026-03-28 15:17:31.335 [main] INFO  o.s.b.a.l.ConditionEvaluationReportLogger - 

Error starting ApplicationContext. To display the condition evaluation report re-run your application with 'debug' enabled.
2026-03-28 15:17:31.351 [main] ERROR o.s.boot.SpringApplication - Application run failed
org.springframework.beans.factory.BeanCreationException: Error creating bean with name 'handlerExceptionResolver' defined in class path resource [org/springframework/boot/webmvc/autoconfigure/WebMvcAutoConfiguration$EnableWebMvcConfiguration.class]: Failed to instantiate [org.springframework.web.servlet.HandlerExceptionResolver]: Factory method 'handlerExceptionResolver' threw exception with message: Ambiguous @ExceptionHandler method mapped for [ExceptionHandler{exceptionType=org.springframework.web.multipart.MaxUploadSizeExceededException, mediaType=*/*}]: {public org.springframework.http.ResponseEntity org.vng.filetransferserver.exception.GlobalExceptionHandler.handleFileSizeLimit(java.lang.Exception,org.springframework.web.context.request.WebRequest), public final org.springframework.http.ResponseEntity org.springframework.web.servlet.mvc.method.annotation.ResponseEntityExceptionHandler.handleException(java.lang.Exception,org.springframework.web.context.request.WebRequest) throws java.lang.Exception}
	at org.springframework.beans.factory.support.ConstructorResolver.instantiate(ConstructorResolver.java:657)
	at org.springframework.beans.factory.support.ConstructorResolver.instantiateUsingFactoryMethod(ConstructorResolver.java:645)
	at org.springframework.beans.factory.support.AbstractAutowireCapableBeanFactory.instantiateUsingFactoryMethod(AbstractAutowireCapableBeanFactory.java:1362)
	at org.springframework.beans.factory.support.AbstractAutowireCapableBeanFactory.createBeanInstance(AbstractAutowireCapableBeanFactory.java:1194)
	at org.springframework.beans.factory.support.AbstractAutowireCapableBeanFactory.doCreateBean(AbstractAutowireCapableBeanFactory.java:565)
	at org.springframework.beans.factory.support.AbstractAutowireCapableBeanFactory.createBean(AbstractAutowireCapableBeanFactory.java:525)
	at org.springframework.beans.factory.support.AbstractBeanFactory.lambda$doGetBean$0(AbstractBeanFactory.java:333)
	at org.springframework.beans.factory.support.DefaultSingletonBeanRegistry.getSingleton(DefaultSingletonBeanRegistry.java:371)
	at org.springframework.beans.factory.support.AbstractBeanFactory.doGetBean(AbstractBeanFactory.java:331)
	at org.springframework.beans.factory.support.AbstractBeanFactory.getBean(AbstractBeanFactory.java:196)
	at org.springframework.beans.factory.support.DefaultListableBeanFactory.instantiateSingleton(DefaultListableBeanFactory.java:1218)
	at org.springframework.beans.factory.support.DefaultListableBeanFactory.preInstantiateSingleton(DefaultListableBeanFactory.java:1184)
	at org.springframework.beans.factory.support.DefaultListableBeanFactory.preInstantiateSingletons(DefaultListableBeanFactory.java:1121)
	at org.springframework.context.support.AbstractApplicationContext.finishBeanFactoryInitialization(AbstractApplicationContext.java:994)
	at org.springframework.context.support.AbstractApplicationContext.refresh(AbstractApplicationContext.java:621)
	at org.springframework.boot.web.server.servlet.context.ServletWebServerApplicationContext.refresh(ServletWebServerApplicationContext.java:143)
	at org.springframework.boot.SpringApplication.refresh(SpringApplication.java:756)
	at org.springframework.boot.SpringApplication.refreshContext(SpringApplication.java:445)
	at org.springframework.boot.SpringApplication.run(SpringApplication.java:321)
	at org.springframework.boot.SpringApplication.run(SpringApplication.java:1365)
	at org.springframework.boot.SpringApplication.run(SpringApplication.java:1354)
	at org.vng.filetransferserver.FileTransferServerApplicationKt.main(FileTransferServerApplication.kt:13)
Caused by: org.springframework.beans.BeanInstantiationException: Failed to instantiate [org.springframework.web.servlet.HandlerExceptionResolver]: Factory method 'handlerExceptionResolver' threw exception with message: Ambiguous @ExceptionHandler method mapped for [ExceptionHandler{exceptionType=org.springframework.web.multipart.MaxUploadSizeExceededException, mediaType=*/*}]: {public org.springframework.http.ResponseEntity org.vng.filetransferserver.exception.GlobalExceptionHandler.handleFileSizeLimit(java.lang.Exception,org.springframework.web.context.request.WebRequest), public final org.springframework.http.ResponseEntity org.springframework.web.servlet.mvc.method.annotation.ResponseEntityExceptionHandler.handleException(java.lang.Exception,org.springframework.web.context.request.WebRequest) throws java.lang.Exception}
	at org.springframework.beans.factory.support.SimpleInstantiationStrategy.lambda$instantiate$0(SimpleInstantiationStrategy.java:183)
	at org.springframework.beans.factory.support.SimpleInstantiationStrategy.instantiateWithFactoryMethod(SimpleInstantiationStrategy.java:72)
	at org.springframework.beans.factory.support.SimpleInstantiationStrategy.instantiate(SimpleInstantiationStrategy.java:152)
	at org.springframework.beans.factory.support.ConstructorResolver.instantiate(ConstructorResolver.java:653)
	... 21 common frames omitted
Caused by: java.lang.IllegalStateException: Ambiguous @ExceptionHandler method mapped for [ExceptionHandler{exceptionType=org.springframework.web.multipart.MaxUploadSizeExceededException, mediaType=*/*}]: {public org.springframework.http.ResponseEntity org.vng.filetransferserver.exception.GlobalExceptionHandler.handleFileSizeLimit(java.lang.Exception,org.springframework.web.context.request.WebRequest), public final org.springframework.http.ResponseEntity org.springframework.web.servlet.mvc.method.annotation.ResponseEntityExceptionHandler.handleException(java.lang.Exception,org.springframework.web.context.request.WebRequest) throws java.lang.Exception}
	at org.springframework.web.method.annotation.ExceptionHandlerMethodResolver.addExceptionMapping(ExceptionHandlerMethodResolver.java:148)
	at org.springframework.web.method.annotation.ExceptionHandlerMethodResolver.<init>(ExceptionHandlerMethodResolver.java:101)
	at org.springframework.web.servlet.mvc.method.annotation.ExceptionHandlerExceptionResolver.initExceptionHandlerAdviceCache(ExceptionHandlerExceptionResolver.java:310)
	at org.springframework.web.servlet.mvc.method.annotation.ExceptionHandlerExceptionResolver.afterPropertiesSet(ExceptionHandlerExceptionResolver.java:277)
	at org.springframework.web.servlet.config.annotation.WebMvcConfigurationSupport.addDefaultHandlerExceptionResolvers(WebMvcConfigurationSupport.java:1054)
	at org.springframework.web.servlet.config.annotation.WebMvcConfigurationSupport.handlerExceptionResolver(WebMvcConfigurationSupport.java:989)
	at java.base/jdk.internal.reflect.NativeMethodAccessorImpl.invoke0(Native Method)
	at java.base/jdk.internal.reflect.NativeMethodAccessorImpl.invoke(NativeMethodAccessorImpl.java:77)
	at java.base/jdk.internal.reflect.DelegatingMethodAccessorImpl.invoke(DelegatingMethodAccessorImpl.java:43)
	at java.base/java.lang.reflect.Method.invoke(Method.java:568)
	at org.springframework.beans.factory.support.SimpleInstantiationStrategy.lambda$instantiate$0(SimpleInstantiationStrategy.java:155)
	... 24 common frames omitted
2026-03-28 15:20:25.136 [main] INFO  o.v.f.FileTransferServerApplicationKt - Starting FileTransferServerApplicationKt using Java 17.0.12 with PID 26688 (C:\Users\Vasu\IntelliJ IDEA\File-Transfer-Server\build\classes\kotlin\main started by Vasu in C:\Users\Vasu\IntelliJ IDEA\File-Transfer-Server)
2026-03-28 15:20:25.138 [main] DEBUG o.v.f.FileTransferServerApplicationKt - Running with Spring Boot v4.0.5, Spring v7.0.6
2026-03-28 15:20:25.139 [main] INFO  o.v.f.FileTransferServerApplicationKt - No active profile set, falling back to 1 default profile: "default"
2026-03-28 15:20:25.874 [background-preinit] INFO  o.h.validator.internal.util.Version - HV000001: Hibernate Validator 9.0.1.Final
2026-03-28 15:20:26.591 [main] INFO  o.s.boot.tomcat.TomcatWebServer - Tomcat initialized with port 9090 (http)
2026-03-28 15:20:26.604 [main] INFO  o.a.coyote.http11.Http11NioProtocol - Initializing ProtocolHandler ["http-nio-0.0.0.0-9090"]
2026-03-28 15:20:26.607 [main] INFO  o.a.catalina.core.StandardService - Starting service [Tomcat]
2026-03-28 15:20:26.607 [main] INFO  o.a.catalina.core.StandardEngine - Starting Servlet engine: [Apache Tomcat/11.0.20]
2026-03-28 15:20:26.670 [main] INFO  o.s.b.w.c.s.WebApplicationContextInitializer - Root WebApplicationContext: initialization completed in 1479 ms
2026-03-28 15:20:26.815 [main] INFO  o.v.f.config.StorageConfig - Using storage path from environment variable: C:\Users\Vasu\Downloads\Telegram Desktop
2026-03-28 15:20:26.816 [main] INFO  o.v.f.config.StorageConfig - Storage directory already exists: C:\Users\Vasu\Downloads\Telegram Desktop
2026-03-28 15:20:26.820 [main] INFO  o.v.f.config.StorageConfig - File storage initialized with path: C:\Users\Vasu\Downloads\Telegram Desktop
2026-03-28 15:20:26.820 [main] INFO  o.v.f.config.StorageConfig - Max file size: 1024 MB
2026-03-28 15:20:26.820 [main] INFO  o.v.f.config.StorageConfig - Allowed extensions: [*]
2026-03-28 15:20:27.528 [main] INFO  o.s.b.a.e.web.EndpointLinksResolver - Exposing 3 endpoints beneath base path '/actuator'
2026-03-28 15:20:27.564 [main] INFO  o.a.coyote.http11.Http11NioProtocol - Starting ProtocolHandler ["http-nio-0.0.0.0-9090"]
2026-03-28 15:20:27.585 [main] INFO  o.s.boot.tomcat.TomcatWebServer - Tomcat started on port 9090 (http) with context path '/'
2026-03-28 15:20:27.594 [main] INFO  o.v.f.FileTransferServerApplicationKt - Started FileTransferServerApplicationKt in 2.998 seconds (process running for 3.527)
2026-03-28 15:20:27.957 [RMI TCP Connection(4)-172.19.20.91] INFO  o.a.c.c.C.[Tomcat].[localhost].[/] - Initializing Spring DispatcherServlet 'dispatcherServlet'
2026-03-28 15:20:27.958 [RMI TCP Connection(4)-172.19.20.91] INFO  o.s.web.servlet.DispatcherServlet - Initializing Servlet 'dispatcherServlet'
2026-03-28 15:20:27.960 [RMI TCP Connection(4)-172.19.20.91] INFO  o.s.web.servlet.DispatcherServlet - Completed initialization in 2 ms
2026-03-28 15:21:01.626 [http-nio-0.0.0.0-9090-exec-10] ERROR o.v.f.e.GlobalExceptionHandler - Unexpected error: Handler dispatch failed: java.lang.NoSuchMethodError: 'void org.springframework.web.method.ControllerAdviceBean.<init>(java.lang.Object)'
jakarta.servlet.ServletException: Handler dispatch failed: java.lang.NoSuchMethodError: 'void org.springframework.web.method.ControllerAdviceBean.<init>(java.lang.Object)'
	at org.springframework.web.servlet.DispatcherServlet.doDispatch(DispatcherServlet.java:978)
	at org.springframework.web.servlet.DispatcherServlet.doService(DispatcherServlet.java:866)
	at org.springframework.web.servlet.FrameworkServlet.processRequest(FrameworkServlet.java:1000)
	at org.springframework.web.servlet.FrameworkServlet.doGet(FrameworkServlet.java:892)
	at jakarta.servlet.http.HttpServlet.service(HttpServlet.java:622)
	at org.springframework.web.servlet.FrameworkServlet.service(FrameworkServlet.java:874)
	at jakarta.servlet.http.HttpServlet.service(HttpServlet.java:710)
	at org.apache.catalina.core.ApplicationFilterChain.doFilter(ApplicationFilterChain.java:128)
	at org.apache.tomcat.websocket.server.WsFilter.doFilter(WsFilter.java:53)
	at org.apache.catalina.core.ApplicationFilterChain.doFilter(ApplicationFilterChain.java:107)
	at org.springframework.web.filter.RequestContextFilter.doFilterInternal(RequestContextFilter.java:100)
	at org.springframework.web.filter.OncePerRequestFilter.doFilter(OncePerRequestFilter.java:116)
	at org.apache.catalina.core.ApplicationFilterChain.doFilter(ApplicationFilterChain.java:107)
	at org.springframework.web.filter.FormContentFilter.doFilterInternal(FormContentFilter.java:93)
	at org.springframework.web.filter.OncePerRequestFilter.doFilter(OncePerRequestFilter.java:116)
	at org.apache.catalina.core.ApplicationFilterChain.doFilter(ApplicationFilterChain.java:107)
	at org.springframework.web.filter.ServerHttpObservationFilter.doFilterInternal(ServerHttpObservationFilter.java:110)
	at org.springframework.web.filter.OncePerRequestFilter.doFilter(OncePerRequestFilter.java:116)
	at org.apache.catalina.core.ApplicationFilterChain.doFilter(ApplicationFilterChain.java:107)
	at org.springframework.web.filter.CharacterEncodingFilter.doFilterInternal(CharacterEncodingFilter.java:199)
	at org.springframework.web.filter.OncePerRequestFilter.doFilter(OncePerRequestFilter.java:116)
	at org.apache.catalina.core.ApplicationFilterChain.doFilter(ApplicationFilterChain.java:107)
	at org.apache.catalina.core.StandardWrapperValve.invoke(StandardWrapperValve.java:165)
	at org.apache.catalina.core.StandardContextValve.invoke(StandardContextValve.java:77)
	at org.apache.catalina.authenticator.AuthenticatorBase.invoke(AuthenticatorBase.java:492)
	at org.apache.catalina.core.StandardHostValve.invoke(StandardHostValve.java:113)
	at org.apache.catalina.valves.ErrorReportValve.invoke(ErrorReportValve.java:83)
	at org.apache.catalina.core.StandardEngineValve.invoke(StandardEngineValve.java:72)
	at org.apache.catalina.connector.CoyoteAdapter.service(CoyoteAdapter.java:341)
	at org.apache.coyote.http11.Http11Processor.service(Http11Processor.java:397)
	at org.apache.coyote.AbstractProcessorLight.process(AbstractProcessorLight.java:63)
	at org.apache.coyote.AbstractProtocol$ConnectionHandler.process(AbstractProtocol.java:903)
	at org.apache.tomcat.util.net.NioEndpoint$SocketProcessor.doRun(NioEndpoint.java:1779)
	at org.apache.tomcat.util.net.SocketProcessorBase.run(SocketProcessorBase.java:52)
	at org.apache.tomcat.util.threads.ThreadPoolExecutor.runWorker(ThreadPoolExecutor.java:946)
	at org.apache.tomcat.util.threads.ThreadPoolExecutor$Worker.run(ThreadPoolExecutor.java:480)
	at org.apache.tomcat.util.threads.TaskThread$WrappingRunnable.run(TaskThread.java:57)
	at java.base/java.lang.Thread.run(Thread.java:842)
Caused by: java.lang.NoSuchMethodError: 'void org.springframework.web.method.ControllerAdviceBean.<init>(java.lang.Object)'
	at org.springdoc.core.service.GenericResponseService.lambda$getGenericMapResponse$8(GenericResponseService.java:706)
	at java.base/java.util.stream.ReferencePipeline$2$1.accept(ReferencePipeline.java:178)
	at java.base/java.util.Spliterators$ArraySpliterator.forEachRemaining(Spliterators.java:992)
	at java.base/java.util.stream.AbstractPipeline.copyInto(AbstractPipeline.java:509)
	at java.base/java.util.stream.AbstractPipeline.wrapAndCopyInto(AbstractPipeline.java:499)
	at java.base/java.util.stream.AbstractPipeline.evaluate(AbstractPipeline.java:575)
	at java.base/java.util.stream.AbstractPipeline.evaluateToArrayNode(AbstractPipeline.java:260)
	at java.base/java.util.stream.ReferencePipeline.toArray(ReferencePipeline.java:616)
	at java.base/java.util.stream.ReferencePipeline.toArray(ReferencePipeline.java:622)
	at java.base/java.util.stream.ReferencePipeline.toList(ReferencePipeline.java:627)
	at org.springdoc.core.service.GenericResponseService.getGenericMapResponse(GenericResponseService.java:708)
	at org.springdoc.core.service.GenericResponseService.build(GenericResponseService.java:247)
	at org.springdoc.api.AbstractOpenApiResource.calculatePath(AbstractOpenApiResource.java:499)
	at org.springdoc.api.AbstractOpenApiResource.calculatePath(AbstractOpenApiResource.java:676)
	at org.springdoc.webmvc.api.OpenApiResource.lambda$calculatePath$11(OpenApiResource.java:220)
	at java.base/java.util.Optional.ifPresent(Optional.java:178)
	at org.springdoc.webmvc.api.OpenApiResource.calculatePath(OpenApiResource.java:201)
	at org.springdoc.webmvc.api.OpenApiResource.lambda$getPaths$2(OpenApiResource.java:171)
	at java.base/java.util.Optional.ifPresent(Optional.java:178)
	at org.springdoc.webmvc.api.OpenApiResource.getPaths(OpenApiResource.java:150)
	at org.springdoc.api.AbstractOpenApiResource.getOpenApi(AbstractOpenApiResource.java:353)
	at org.springdoc.webmvc.api.OpenApiResource.openapiJson(OpenApiResource.java:125)
	at org.springdoc.webmvc.api.OpenApiWebMvcResource.openapiJson(OpenApiWebMvcResource.java:114)
	at java.base/jdk.internal.reflect.NativeMethodAccessorImpl.invoke0(Native Method)
	at java.base/jdk.internal.reflect.NativeMethodAccessorImpl.invoke(NativeMethodAccessorImpl.java:77)
	at java.base/jdk.internal.reflect.DelegatingMethodAccessorImpl.invoke(DelegatingMethodAccessorImpl.java:43)
	at java.base/java.lang.reflect.Method.invoke(Method.java:568)
	at org.springframework.web.method.support.InvocableHandlerMethod.doInvoke(InvocableHandlerMethod.java:252)
	at org.springframework.web.method.support.InvocableHandlerMethod.invokeForRequest(InvocableHandlerMethod.java:184)
	at org.springframework.web.servlet.mvc.method.annotation.ServletInvocableHandlerMethod.invokeAndHandle(ServletInvocableHandlerMethod.java:117)
	at org.springframework.web.servlet.mvc.method.annotation.RequestMappingHandlerAdapter.invokeHandlerMethod(RequestMappingHandlerAdapter.java:934)
	at org.springframework.web.servlet.mvc.method.annotation.RequestMappingHandlerAdapter.handleInternal(RequestMappingHandlerAdapter.java:853)
	at org.springframework.web.servlet.mvc.method.AbstractHandlerMethodAdapter.handle(AbstractHandlerMethodAdapter.java:86)
	at org.springframework.web.servlet.DispatcherServlet.doDispatch(DispatcherServlet.java:963)
	... 37 common frames omitted
2026-03-28 15:21:22.142 [http-nio-0.0.0.0-9090-exec-5] ERROR o.v.f.e.GlobalExceptionHandler - Resource not found: No static resource favicon.ico for request '/favicon.ico'.
2026-03-28 15:22:06.043 [http-nio-0.0.0.0-9090-exec-7] INFO  o.v.f.controller.FileController - Received request to list all files
2026-03-28 15:30:35.284 [http-nio-0.0.0.0-9090-exec-3] ERROR o.v.f.e.GlobalExceptionHandler - Unexpected error: Handler dispatch failed: java.lang.NoSuchMethodError: 'void org.springframework.web.method.ControllerAdviceBean.<init>(java.lang.Object)'
jakarta.servlet.ServletException: Handler dispatch failed: java.lang.NoSuchMethodError: 'void org.springframework.web.method.ControllerAdviceBean.<init>(java.lang.Object)'
	at org.springframework.web.servlet.DispatcherServlet.doDispatch(DispatcherServlet.java:978)
	at org.springframework.web.servlet.DispatcherServlet.doService(DispatcherServlet.java:866)
	at org.springframework.web.servlet.FrameworkServlet.processRequest(FrameworkServlet.java:1000)
	at org.springframework.web.servlet.FrameworkServlet.doGet(FrameworkServlet.java:892)
	at jakarta.servlet.http.HttpServlet.service(HttpServlet.java:622)
	at org.springframework.web.servlet.FrameworkServlet.service(FrameworkServlet.java:874)
	at jakarta.servlet.http.HttpServlet.service(HttpServlet.java:710)
	at org.apache.catalina.core.ApplicationFilterChain.doFilter(ApplicationFilterChain.java:128)
	at org.apache.tomcat.websocket.server.WsFilter.doFilter(WsFilter.java:53)
	at org.apache.catalina.core.ApplicationFilterChain.doFilter(ApplicationFilterChain.java:107)
	at org.springframework.web.filter.RequestContextFilter.doFilterInternal(RequestContextFilter.java:100)
	at org.springframework.web.filter.OncePerRequestFilter.doFilter(OncePerRequestFilter.java:116)
	at org.apache.catalina.core.ApplicationFilterChain.doFilter(ApplicationFilterChain.java:107)
	at org.springframework.web.filter.FormContentFilter.doFilterInternal(FormContentFilter.java:93)
	at org.springframework.web.filter.OncePerRequestFilter.doFilter(OncePerRequestFilter.java:116)
	at org.apache.catalina.core.ApplicationFilterChain.doFilter(ApplicationFilterChain.java:107)
	at org.springframework.web.filter.ServerHttpObservationFilter.doFilterInternal(ServerHttpObservationFilter.java:110)
	at org.springframework.web.filter.OncePerRequestFilter.doFilter(OncePerRequestFilter.java:116)
	at org.apache.catalina.core.ApplicationFilterChain.doFilter(ApplicationFilterChain.java:107)
	at org.springframework.web.filter.CharacterEncodingFilter.doFilterInternal(CharacterEncodingFilter.java:199)
	at org.springframework.web.filter.OncePerRequestFilter.doFilter(OncePerRequestFilter.java:116)
	at org.apache.catalina.core.ApplicationFilterChain.doFilter(ApplicationFilterChain.java:107)
	at org.apache.catalina.core.StandardWrapperValve.invoke(StandardWrapperValve.java:165)
	at org.apache.catalina.core.StandardContextValve.invoke(StandardContextValve.java:77)
	at org.apache.catalina.authenticator.AuthenticatorBase.invoke(AuthenticatorBase.java:492)
	at org.apache.catalina.core.StandardHostValve.invoke(StandardHostValve.java:113)
	at org.apache.catalina.valves.ErrorReportValve.invoke(ErrorReportValve.java:83)
	at org.apache.catalina.core.StandardEngineValve.invoke(StandardEngineValve.java:72)
	at org.apache.catalina.connector.CoyoteAdapter.service(CoyoteAdapter.java:341)
	at org.apache.coyote.http11.Http11Processor.service(Http11Processor.java:397)
	at org.apache.coyote.AbstractProcessorLight.process(AbstractProcessorLight.java:63)
	at org.apache.coyote.AbstractProtocol$ConnectionHandler.process(AbstractProtocol.java:903)
	at org.apache.tomcat.util.net.NioEndpoint$SocketProcessor.doRun(NioEndpoint.java:1779)
	at org.apache.tomcat.util.net.SocketProcessorBase.run(SocketProcessorBase.java:52)
	at org.apache.tomcat.util.threads.ThreadPoolExecutor.runWorker(ThreadPoolExecutor.java:946)
	at org.apache.tomcat.util.threads.ThreadPoolExecutor$Worker.run(ThreadPoolExecutor.java:480)
	at org.apache.tomcat.util.threads.TaskThread$WrappingRunnable.run(TaskThread.java:57)
	at java.base/java.lang.Thread.run(Thread.java:842)
Caused by: java.lang.NoSuchMethodError: 'void org.springframework.web.method.ControllerAdviceBean.<init>(java.lang.Object)'
	at org.springdoc.core.service.GenericResponseService.lambda$getGenericMapResponse$8(GenericResponseService.java:706)
	at java.base/java.util.stream.ReferencePipeline$2$1.accept(ReferencePipeline.java:178)
	at java.base/java.util.Spliterators$ArraySpliterator.forEachRemaining(Spliterators.java:992)
	at java.base/java.util.stream.AbstractPipeline.copyInto(AbstractPipeline.java:509)
	at java.base/java.util.stream.AbstractPipeline.wrapAndCopyInto(AbstractPipeline.java:499)
	at java.base/java.util.stream.AbstractPipeline.evaluate(AbstractPipeline.java:575)
	at java.base/java.util.stream.AbstractPipeline.evaluateToArrayNode(AbstractPipeline.java:260)
	at java.base/java.util.stream.ReferencePipeline.toArray(ReferencePipeline.java:616)
	at java.base/java.util.stream.ReferencePipeline.toArray(ReferencePipeline.java:622)
	at java.base/java.util.stream.ReferencePipeline.toList(ReferencePipeline.java:627)
	at org.springdoc.core.service.GenericResponseService.getGenericMapResponse(GenericResponseService.java:708)
	at org.springdoc.core.service.GenericResponseService.build(GenericResponseService.java:247)
	at org.springdoc.api.AbstractOpenApiResource.calculatePath(AbstractOpenApiResource.java:499)
	at org.springdoc.api.AbstractOpenApiResource.calculatePath(AbstractOpenApiResource.java:676)
	at org.springdoc.webmvc.api.OpenApiResource.lambda$calculatePath$11(OpenApiResource.java:220)
	at java.base/java.util.Optional.ifPresent(Optional.java:178)
	at org.springdoc.webmvc.api.OpenApiResource.calculatePath(OpenApiResource.java:201)
	at org.springdoc.webmvc.api.OpenApiResource.lambda$getPaths$2(OpenApiResource.java:171)
	at java.base/java.util.Optional.ifPresent(Optional.java:178)
	at org.springdoc.webmvc.api.OpenApiResource.getPaths(OpenApiResource.java:150)
	at org.springdoc.api.AbstractOpenApiResource.getOpenApi(AbstractOpenApiResource.java:353)
	at org.springdoc.webmvc.api.OpenApiResource.openapiJson(OpenApiResource.java:125)
	at org.springdoc.webmvc.api.OpenApiWebMvcResource.openapiJson(OpenApiWebMvcResource.java:114)
	at java.base/jdk.internal.reflect.NativeMethodAccessorImpl.invoke0(Native Method)
	at java.base/jdk.internal.reflect.NativeMethodAccessorImpl.invoke(NativeMethodAccessorImpl.java:77)
	at java.base/jdk.internal.reflect.DelegatingMethodAccessorImpl.invoke(DelegatingMethodAccessorImpl.java:43)
	at java.base/java.lang.reflect.Method.invoke(Method.java:568)
	at org.springframework.web.method.support.InvocableHandlerMethod.doInvoke(InvocableHandlerMethod.java:252)
	at org.springframework.web.method.support.InvocableHandlerMethod.invokeForRequest(InvocableHandlerMethod.java:184)
	at org.springframework.web.servlet.mvc.method.annotation.ServletInvocableHandlerMethod.invokeAndHandle(ServletInvocableHandlerMethod.java:117)
	at org.springframework.web.servlet.mvc.method.annotation.RequestMappingHandlerAdapter.invokeHandlerMethod(RequestMappingHandlerAdapter.java:934)
	at org.springframework.web.servlet.mvc.method.annotation.RequestMappingHandlerAdapter.handleInternal(RequestMappingHandlerAdapter.java:853)
	at org.springframework.web.servlet.mvc.method.AbstractHandlerMethodAdapter.handle(AbstractHandlerMethodAdapter.java:86)
	at org.springframework.web.servlet.DispatcherServlet.doDispatch(DispatcherServlet.java:963)
	... 37 common frames omitted
2026-03-28 15:33:13.264 [http-nio-0.0.0.0-9090-exec-5] INFO  o.v.f.controller.FileController - Received request to list all files
2026-03-28 15:33:13.598 [http-nio-0.0.0.0-9090-exec-6] ERROR o.v.f.e.GlobalExceptionHandler - Resource not found: No static resource favicon.ico for request '/favicon.ico'.
2026-03-28 15:37:49.574 [SpringApplicationShutdownHook] INFO  o.s.boot.tomcat.GracefulShutdown - Commencing graceful shutdown. Waiting for active requests to complete
2026-03-28 15:37:49.850 [tomcat-shutdown] INFO  o.s.boot.tomcat.GracefulShutdown - Graceful shutdown complete
2026-03-28 15:37:55.417 [main] INFO  o.v.f.FileTransferServerApplicationKt - Starting FileTransferServerApplicationKt using Java 17.0.12 with PID 53324 (C:\Users\Vasu\IntelliJ IDEA\File-Transfer-Server\build\classes\kotlin\main started by Vasu in C:\Users\Vasu\IntelliJ IDEA\File-Transfer-Server)
2026-03-28 15:37:55.420 [main] DEBUG o.v.f.FileTransferServerApplicationKt - Running with Spring Boot v4.0.5, Spring v7.0.6
2026-03-28 15:37:55.421 [main] INFO  o.v.f.FileTransferServerApplicationKt - No active profile set, falling back to 1 default profile: "default"
2026-03-28 15:37:56.247 [background-preinit] INFO  o.h.validator.internal.util.Version - HV000001: Hibernate Validator 9.0.1.Final
2026-03-28 15:37:57.065 [main] INFO  o.s.boot.tomcat.TomcatWebServer - Tomcat initialized with port 9090 (http)
2026-03-28 15:37:57.078 [main] INFO  o.a.coyote.http11.Http11NioProtocol - Initializing ProtocolHandler ["http-nio-0.0.0.0-9090"]
2026-03-28 15:37:57.080 [main] INFO  o.a.catalina.core.StandardService - Starting service [Tomcat]
2026-03-28 15:37:57.080 [main] INFO  o.a.catalina.core.StandardEngine - Starting Servlet engine: [Apache Tomcat/11.0.20]
2026-03-28 15:37:57.151 [main] INFO  o.s.b.w.c.s.WebApplicationContextInitializer - Root WebApplicationContext: initialization completed in 1649 ms
2026-03-28 15:37:57.311 [main] INFO  o.v.f.config.StorageConfig - Using storage path from environment variable: C:\Users\Vasu\Downloads\Telegram Desktop
2026-03-28 15:37:57.312 [main] INFO  o.v.f.config.StorageConfig - Storage directory already exists: C:\Users\Vasu\Downloads\Telegram Desktop
2026-03-28 15:37:57.317 [main] INFO  o.v.f.config.StorageConfig - File storage initialized with path: C:\Users\Vasu\Downloads\Telegram Desktop
2026-03-28 15:37:57.317 [main] INFO  o.v.f.config.StorageConfig - Max file size: 1024 MB
2026-03-28 15:37:57.317 [main] INFO  o.v.f.config.StorageConfig - Allowed extensions: [*]
2026-03-28 15:37:57.981 [main] INFO  o.s.b.a.e.web.EndpointLinksResolver - Exposing 3 endpoints beneath base path '/actuator'
2026-03-28 15:37:58.032 [main] INFO  o.a.coyote.http11.Http11NioProtocol - Starting ProtocolHandler ["http-nio-0.0.0.0-9090"]
2026-03-28 15:37:58.049 [main] INFO  o.s.boot.tomcat.TomcatWebServer - Tomcat started on port 9090 (http) with context path '/'
2026-03-28 15:37:58.057 [main] INFO  o.v.f.FileTransferServerApplicationKt - Started FileTransferServerApplicationKt in 3.37 seconds (process running for 4.315)
2026-03-28 15:37:58.747 [RMI TCP Connection(2)-172.19.20.91] INFO  o.a.c.c.C.[Tomcat].[localhost].[/] - Initializing Spring DispatcherServlet 'dispatcherServlet'
2026-03-28 15:37:58.747 [RMI TCP Connection(2)-172.19.20.91] INFO  o.s.web.servlet.DispatcherServlet - Initializing Servlet 'dispatcherServlet'
2026-03-28 15:37:58.749 [RMI TCP Connection(2)-172.19.20.91] INFO  o.s.web.servlet.DispatcherServlet - Completed initialization in 2 ms
2026-03-28 15:37:59.206 [http-nio-0.0.0.0-9090-exec-1] INFO  o.v.f.controller.FileController - Received request to list all files
2026-03-28 15:38:22.980 [http-nio-0.0.0.0-9090-exec-2] INFO  o.s.api.AbstractOpenApiResource - Init duration for springdoc-openapi is: 1086 ms
2026-03-28 15:40:07.593 [http-nio-0.0.0.0-9090-exec-1] INFO  o.v.f.controller.FileController - Received request to list all files
2026-03-28 15:41:21.436 [http-nio-0.0.0.0-9090-exec-3] INFO  o.v.f.controller.FileController - Received download request for file: Money heist season 1 Episode 1.mkv
2026-03-28 15:41:21.437 [http-nio-0.0.0.0-9090-exec-3] INFO  o.v.f.service.impl.FileServiceImpl - Downloading file: Money heist season 1 Episode 1.mkv
2026-03-28 15:53:13.812 [http-nio-0.0.0.0-9090-exec-9] INFO  o.v.f.controller.FileController - Received request to list all files
2026-03-28 15:53:25.498 [http-nio-0.0.0.0-9090-exec-4] INFO  o.v.f.controller.FileController - Received request to list all files
2026-03-28 15:53:37.196 [http-nio-0.0.0.0-9090-exec-3] INFO  o.v.f.controller.FileController - Received request to list all files
2026-03-28 15:54:07.482 [http-nio-0.0.0.0-9090-exec-7] INFO  o.v.f.controller.FileController - Received request to list all files
2026-03-28 15:54:38.488 [http-nio-0.0.0.0-9090-exec-10] INFO  o.v.f.controller.FileController - Received request to list all files
2026-03-28 15:55:09.482 [http-nio-0.0.0.0-9090-exec-5] INFO  o.v.f.controller.FileController - Received request to list all files
2026-03-28 15:55:40.483 [http-nio-0.0.0.0-9090-exec-8] INFO  o.v.f.controller.FileController - Received request to list all files
2026-03-28 15:56:11.485 [http-nio-0.0.0.0-9090-exec-2] INFO  o.v.f.controller.FileController - Received request to list all files
2026-03-28 15:56:42.482 [http-nio-0.0.0.0-9090-exec-1] INFO  o.v.f.controller.FileController - Received request to list all files
2026-03-28 15:57:19.485 [http-nio-0.0.0.0-9090-exec-9] INFO  o.v.f.controller.FileController - Received request to list all files
2026-03-28 15:58:19.487 [http-nio-0.0.0.0-9090-exec-4] INFO  o.v.f.controller.FileController - Received request to list all files
2026-03-28 15:59:11.002 [SpringApplicationShutdownHook] INFO  o.s.boot.tomcat.GracefulShutdown - Commencing graceful shutdown. Waiting for active requests to complete
2026-03-28 15:59:11.231 [tomcat-shutdown] INFO  o.s.boot.tomcat.GracefulShutdown - Graceful shutdown complete
2026-03-28 15:59:17.015 [main] INFO  o.v.f.FileTransferServerApplicationKt - Starting FileTransferServerApplicationKt using Java 17.0.12 with PID 38256 (C:\Users\Vasu\IntelliJ IDEA\File-Transfer-Server\build\classes\kotlin\main started by Vasu in C:\Users\Vasu\IntelliJ IDEA\File-Transfer-Server)
2026-03-28 15:59:17.018 [main] DEBUG o.v.f.FileTransferServerApplicationKt - Running with Spring Boot v4.0.5, Spring v7.0.6
2026-03-28 15:59:17.018 [main] INFO  o.v.f.FileTransferServerApplicationKt - No active profile set, falling back to 1 default profile: "default"
2026-03-28 15:59:17.662 [background-preinit] INFO  o.h.validator.internal.util.Version - HV000001: Hibernate Validator 9.0.1.Final
2026-03-28 15:59:18.104 [main] INFO  o.s.boot.tomcat.TomcatWebServer - Tomcat initialized with port 9090 (http)
2026-03-28 15:59:18.115 [main] INFO  o.a.coyote.http11.Http11NioProtocol - Initializing ProtocolHandler ["http-nio-0.0.0.0-9090"]
2026-03-28 15:59:18.116 [main] INFO  o.a.catalina.core.StandardService - Starting service [Tomcat]
2026-03-28 15:59:18.117 [main] INFO  o.a.catalina.core.StandardEngine - Starting Servlet engine: [Apache Tomcat/11.0.20]
2026-03-28 15:59:18.184 [main] INFO  o.s.b.w.c.s.WebApplicationContextInitializer - Root WebApplicationContext: initialization completed in 1118 ms
2026-03-28 15:59:18.339 [main] INFO  o.v.f.config.StorageConfig - Using storage path from environment variable: C:\Users\Vasu\Downloads\Telegram Desktop
2026-03-28 15:59:18.340 [main] INFO  o.v.f.config.StorageConfig - Storage directory already exists: C:\Users\Vasu\Downloads\Telegram Desktop
2026-03-28 15:59:18.344 [main] INFO  o.v.f.config.StorageConfig - File storage initialized with path: C:\Users\Vasu\Downloads\Telegram Desktop
2026-03-28 15:59:18.344 [main] INFO  o.v.f.config.StorageConfig - Max file size: 1024 MB
2026-03-28 15:59:18.345 [main] INFO  o.v.f.config.StorageConfig - Allowed extensions: [*]
2026-03-28 15:59:18.446 [main] INFO  o.s.b.w.a.WelcomePageHandlerMapping - Adding welcome page: class path resource [static/index.html]
2026-03-28 15:59:18.888 [main] INFO  o.s.b.a.e.web.EndpointLinksResolver - Exposing 3 endpoints beneath base path '/actuator'
2026-03-28 15:59:18.923 [main] INFO  o.a.coyote.http11.Http11NioProtocol - Starting ProtocolHandler ["http-nio-0.0.0.0-9090"]
2026-03-28 15:59:18.939 [main] INFO  o.s.boot.tomcat.TomcatWebServer - Tomcat started on port 9090 (http) with context path '/'
2026-03-28 15:59:18.948 [main] INFO  o.v.f.FileTransferServerApplicationKt - Started FileTransferServerApplicationKt in 2.662 seconds (process running for 3.489)
2026-03-28 15:59:19.440 [RMI TCP Connection(2)-172.19.20.91] INFO  o.a.c.c.C.[Tomcat].[localhost].[/] - Initializing Spring DispatcherServlet 'dispatcherServlet'
2026-03-28 15:59:19.441 [RMI TCP Connection(2)-172.19.20.91] INFO  o.s.web.servlet.DispatcherServlet - Initializing Servlet 'dispatcherServlet'
2026-03-28 15:59:19.443 [RMI TCP Connection(2)-172.19.20.91] INFO  o.s.web.servlet.DispatcherServlet - Completed initialization in 2 ms
2026-03-28 16:00:20.902 [http-nio-0.0.0.0-9090-exec-5] INFO  o.v.f.controller.FileController - Received request to list all files
2026-03-28 16:00:51.164 [http-nio-0.0.0.0-9090-exec-4] INFO  o.v.f.controller.FileController - Received request to list all files
2026-03-28 16:01:06.890 [http-nio-0.0.0.0-9090-exec-2] INFO  o.v.f.controller.FileController - Received request to list all files
2026-03-28 16:01:50.002 [http-nio-0.0.0.0-9090-exec-3] INFO  o.v.f.controller.FileController - Received request to list all files
2026-03-28 16:01:50.863 [http-nio-0.0.0.0-9090-exec-8] INFO  o.v.f.controller.FileController - Received request to list all files
2026-03-28 16:01:58.410 [http-nio-0.0.0.0-9090-exec-9] INFO  o.v.f.controller.FileController - Received request to list all files
2026-03-28 16:06:19.493 [http-nio-0.0.0.0-9090-exec-1] ERROR o.v.f.e.GlobalExceptionHandler - Resource not found: No static resource actuator/metrics for request '/actuator/metrics/'.
2026-03-28 16:06:34.539 [http-nio-0.0.0.0-9090-exec-3] ERROR o.v.f.e.GlobalExceptionHandler - Resource not found: No static resource swagger-ui/index.html for request '/swagger-ui/index.html'.
2026-03-28 16:06:46.305 [http-nio-0.0.0.0-9090-exec-8] ERROR o.v.f.e.GlobalExceptionHandler - Resource not found: No static resource swagger-ui/index.html for request '/swagger-ui/index.html'.
2026-03-28 16:12:51.628 [http-nio-0.0.0.0-9090-exec-1] INFO  o.v.f.controller.FileController - Received request to list all files
2026-03-28 16:13:03.392 [SpringApplicationShutdownHook] INFO  o.s.boot.tomcat.GracefulShutdown - Commencing graceful shutdown. Waiting for active requests to complete
2026-03-28 16:13:03.536 [tomcat-shutdown] INFO  o.s.boot.tomcat.GracefulShutdown - Graceful shutdown complete
2026-03-28 16:13:06.502 [main] INFO  o.v.f.FileTransferServerApplicationKt - Starting FileTransferServerApplicationKt using Java 17.0.12 with PID 52892 (C:\Users\Vasu\IntelliJ IDEA\File-Transfer-Server\build\classes\kotlin\main started by Vasu in C:\Users\Vasu\IntelliJ IDEA\File-Transfer-Server)
2026-03-28 16:13:06.504 [main] DEBUG o.v.f.FileTransferServerApplicationKt - Running with Spring Boot v4.0.5, Spring v7.0.6
2026-03-28 16:13:06.505 [main] INFO  o.v.f.FileTransferServerApplicationKt - No active profile set, falling back to 1 default profile: "default"
2026-03-28 16:13:07.256 [background-preinit] INFO  o.h.validator.internal.util.Version - HV000001: Hibernate Validator 9.0.1.Final
2026-03-28 16:13:07.854 [main] INFO  o.s.boot.tomcat.TomcatWebServer - Tomcat initialized with port 9090 (http)
2026-03-28 16:13:07.865 [main] INFO  o.a.coyote.http11.Http11NioProtocol - Initializing ProtocolHandler ["http-nio-0.0.0.0-9090"]
2026-03-28 16:13:07.867 [main] INFO  o.a.catalina.core.StandardService - Starting service [Tomcat]
2026-03-28 16:13:07.868 [main] INFO  o.a.catalina.core.StandardEngine - Starting Servlet engine: [Apache Tomcat/11.0.20]
2026-03-28 16:13:07.942 [main] INFO  o.s.b.w.c.s.WebApplicationContextInitializer - Root WebApplicationContext: initialization completed in 1396 ms
2026-03-28 16:13:08.120 [main] INFO  o.v.f.config.StorageConfig - Using storage path from environment variable: C:\Users\Vasu\Downloads\Telegram Desktop
2026-03-28 16:13:08.121 [main] INFO  o.v.f.config.StorageConfig - Storage directory already exists: C:\Users\Vasu\Downloads\Telegram Desktop
2026-03-28 16:13:08.124 [main] INFO  o.v.f.config.StorageConfig - File storage initialized with path: C:\Users\Vasu\Downloads\Telegram Desktop
2026-03-28 16:13:08.125 [main] INFO  o.v.f.config.StorageConfig - Max file size: 1024 MB
2026-03-28 16:13:08.125 [main] INFO  o.v.f.config.StorageConfig - Allowed extensions: [*]
2026-03-28 16:13:08.226 [main] INFO  o.s.b.w.a.WelcomePageHandlerMapping - Adding welcome page: class path resource [static/index.html]
2026-03-28 16:13:08.666 [main] INFO  o.s.b.a.e.web.EndpointLinksResolver - Exposing 3 endpoints beneath base path '/actuator'
2026-03-28 16:13:08.747 [main] INFO  o.a.coyote.http11.Http11NioProtocol - Starting ProtocolHandler ["http-nio-0.0.0.0-9090"]
2026-03-28 16:13:08.776 [main] INFO  o.s.boot.tomcat.TomcatWebServer - Tomcat started on port 9090 (http) with context path '/'
2026-03-28 16:13:08.788 [main] INFO  o.v.f.FileTransferServerApplicationKt - Started FileTransferServerApplicationKt in 2.823 seconds (process running for 3.474)
2026-03-28 16:13:09.093 [RMI TCP Connection(3)-172.19.20.91] INFO  o.a.c.c.C.[Tomcat].[localhost].[/] - Initializing Spring DispatcherServlet 'dispatcherServlet'
2026-03-28 16:13:09.094 [RMI TCP Connection(3)-172.19.20.91] INFO  o.s.web.servlet.DispatcherServlet - Initializing Servlet 'dispatcherServlet'
2026-03-28 16:13:09.096 [RMI TCP Connection(3)-172.19.20.91] INFO  o.s.web.servlet.DispatcherServlet - Completed initialization in 1 ms
2026-03-28 16:13:11.285 [http-nio-0.0.0.0-9090-exec-2] INFO  o.v.f.controller.FileController - Received request to list all files
2026-03-28 16:13:47.129 [http-nio-0.0.0.0-9090-exec-3] INFO  o.v.f.controller.FileController - Received request to list all files
2026-03-28 16:36:20.659 [SpringApplicationShutdownHook] INFO  o.s.boot.tomcat.GracefulShutdown - Commencing graceful shutdown. Waiting for active requests to complete
2026-03-28 16:36:20.823 [tomcat-shutdown] INFO  o.s.boot.tomcat.GracefulShutdown - Graceful shutdown complete
